TN:
SF:/Users/RonSala/Dropbox/dev/trivia-trader-frontend/src/javascripts/adapter.js
FN:3,_classCallCheck
FN:7,Adapter
FNF:2
FNH:0
FNDA:0,_classCallCheck
FNDA:0,Adapter
DA:3,0
DA:7,1
DA:14,0
LF:3
LH:1
BRDA:3,0,0,0
BRDA:3,0,1,0
BRF:2
BRH:0
end_of_record
TN:
SF:/Users/RonSala/Dropbox/dev/trivia-trader-frontend/src/javascripts/app.js
FN:3,(anonymous_0)
FN:3,defineProperties
FN:3,(anonymous_2)
FN:5,_classCallCheck
FN:9,(anonymous_4)
FN:10,App
FN:18,renderAbout
FN:28,renderHome
FN:55,(anonymous_8)
FN:77,(anonymous_9)
FN:84,renderSignupSignin
FN:91,(anonymous_11)
FN:96,(anonymous_12)
FN:101,(anonymous_13)
FNF:14
FNH:4
FNDA:1,(anonymous_0)
FNDA:1,defineProperties
FNDA:1,(anonymous_2)
FNDA:0,_classCallCheck
FNDA:1,(anonymous_4)
FNDA:0,App
FNDA:0,renderAbout
FNDA:0,renderHome
FNDA:0,(anonymous_8)
FNDA:0,(anonymous_9)
FNDA:0,renderSignupSignin
FNDA:0,(anonymous_11)
FNDA:0,(anonymous_12)
FNDA:0,(anonymous_13)
DA:3,3
DA:5,0
DA:9,1
DA:13,0
DA:16,1
DA:19,0
DA:20,0
DA:21,0
DA:22,0
DA:23,0
DA:24,0
DA:29,0
DA:31,0
DA:32,0
DA:33,0
DA:36,0
DA:38,0
DA:39,0
DA:40,0
DA:41,0
DA:42,0
DA:43,0
DA:44,0
DA:45,0
DA:47,0
DA:48,0
DA:49,0
DA:50,0
DA:51,0
DA:52,0
DA:53,0
DA:54,0
DA:55,0
DA:56,0
DA:59,0
DA:60,0
DA:61,0
DA:62,0
DA:63,0
DA:64,0
DA:65,0
DA:66,0
DA:69,0
DA:70,0
DA:71,0
DA:72,0
DA:73,0
DA:74,0
DA:75,0
DA:76,0
DA:77,0
DA:78,0
DA:79,0
DA:85,0
DA:87,0
DA:88,0
DA:89,0
DA:90,0
DA:91,0
DA:92,0
DA:96,0
DA:97,0
DA:99,0
DA:100,0
DA:101,0
DA:102,0
DA:104,0
DA:105,0
DA:109,1
LF:69
LH:4
BRDA:3,0,0,3
BRDA:3,0,1,3
BRDA:3,1,0,3
BRDA:3,1,1,0
BRDA:3,2,0,0
BRDA:3,2,1,1
BRDA:3,3,0,1
BRDA:3,3,1,0
BRDA:5,4,0,0
BRDA:5,4,1,0
BRDA:32,5,0,0
BRDA:32,5,1,0
BRF:12
BRH:5
end_of_record
TN:
SF:/Users/RonSala/Dropbox/dev/trivia-trader-frontend/src/javascripts/category.js
FN:3,(anonymous_0)
FN:3,defineProperties
FN:3,(anonymous_2)
FN:5,_classCallCheck
FN:7,(anonymous_4)
FN:8,Category
FN:21,renderCategories
FN:26,(anonymous_7)
FN:28,(anonymous_8)
FN:29,(anonymous_9)
FN:34,(anonymous_10)
FNF:11
FNH:4
FNDA:1,(anonymous_0)
FNDA:1,defineProperties
FNDA:1,(anonymous_2)
FNDA:0,_classCallCheck
FNDA:1,(anonymous_4)
FNDA:0,Category
FNDA:0,renderCategories
FNDA:0,(anonymous_7)
FNDA:0,(anonymous_8)
FNDA:0,(anonymous_9)
FNDA:0,(anonymous_10)
DA:3,1
DA:5,0
DA:7,1
DA:9,0
DA:11,0
DA:12,0
DA:13,0
DA:19,1
DA:22,0
DA:23,0
DA:24,0
DA:26,0
DA:27,0
DA:29,0
DA:30,0
DA:31,0
DA:32,0
DA:33,0
DA:34,0
DA:35,0
DA:37,0
DA:43,1
DA:46,1
LF:23
LH:5
BRDA:3,0,0,1
BRDA:3,0,1,1
BRDA:3,1,0,1
BRDA:3,1,1,0
BRDA:3,2,0,0
BRDA:3,2,1,1
BRDA:3,3,0,1
BRDA:3,3,1,0
BRDA:5,4,0,0
BRDA:5,4,1,0
BRF:10
BRH:5
end_of_record
TN:
SF:/Users/RonSala/Dropbox/dev/trivia-trader-frontend/src/javascripts/game.js
FN:3,(anonymous_0)
FN:3,defineProperties
FN:3,(anonymous_2)
FN:5,_classCallCheck
FN:7,(anonymous_4)
FN:8,Game
FN:23,renderGames
FN:26,(anonymous_7)
FN:30,(anonymous_8)
FN:32,(anonymous_9)
FN:33,(anonymous_10)
FN:36,(anonymous_11)
FN:38,(anonymous_12)
FN:42,(anonymous_13)
FN:46,(anonymous_14)
FN:51,(anonymous_15)
FNF:16
FNH:4
FNDA:1,(anonymous_0)
FNDA:1,defineProperties
FNDA:1,(anonymous_2)
FNDA:0,_classCallCheck
FNDA:1,(anonymous_4)
FNDA:0,Game
FNDA:0,renderGames
FNDA:0,(anonymous_7)
FNDA:0,(anonymous_8)
FNDA:0,(anonymous_9)
FNDA:0,(anonymous_10)
FNDA:0,(anonymous_11)
FNDA:0,(anonymous_12)
FNDA:0,(anonymous_13)
FNDA:0,(anonymous_14)
FNDA:0,(anonymous_15)
DA:3,1
DA:5,0
DA:7,1
DA:9,0
DA:11,0
DA:12,0
DA:13,0
DA:14,0
DA:15,0
DA:21,1
DA:24,0
DA:26,0
DA:27,0
DA:30,0
DA:31,0
DA:33,0
DA:34,0
DA:37,0
DA:38,0
DA:39,0
DA:42,0
DA:43,0
DA:44,0
DA:45,0
DA:46,0
DA:47,0
DA:49,0
DA:52,0
DA:57,1
DA:60,1
LF:30
LH:5
BRDA:3,0,0,1
BRDA:3,0,1,1
BRDA:3,1,0,1
BRDA:3,1,1,0
BRDA:3,2,0,0
BRDA:3,2,1,1
BRDA:3,3,0,1
BRDA:3,3,1,0
BRDA:5,4,0,0
BRDA:5,4,1,0
BRF:10
BRH:5
end_of_record
TN:
SF:/Users/RonSala/Dropbox/dev/trivia-trader-frontend/src/javascripts/index.js
FN:5,(anonymous_0)
FNF:1
FNH:1
FNDA:1,(anonymous_0)
DA:5,1
DA:6,1
DA:7,0
LF:3
LH:2
BRF:0
BRH:0
end_of_record
TN:
SF:/Users/RonSala/Dropbox/dev/trivia-trader-frontend/src/javascripts/user.js
FN:3,(anonymous_0)
FN:3,defineProperties
FN:3,(anonymous_2)
FN:5,_classCallCheck
FN:7,(anonymous_4)
FN:8,User
FN:19,testFunction
FN:24,findById
FN:25,(anonymous_8)
FN:35,renderUsers
FN:36,(anonymous_10)
FN:38,(anonymous_11)
FN:39,(anonymous_12)
FN:50,renderNewForm
FN:61,(anonymous_14)
FN:70,handleCreateForm
FN:86,fetchNewUser
FN:95,(anonymous_17)
FN:97,(anonymous_18)
FN:108,renderUser
FN:134,(anonymous_20)
FN:146,renderUpdateForm
FN:160,(anonymous_22)
FN:169,handleUpdateForm
FN:177,fetchUpdatedUser
FN:186,(anonymous_25)
FN:188,(anonymous_26)
FN:202,renderSigninForm
FN:213,(anonymous_28)
FN:219,handleSigninForm
FNF:30
FNH:4
FNDA:1,(anonymous_0)
FNDA:1,defineProperties
FNDA:1,(anonymous_2)
FNDA:0,_classCallCheck
FNDA:1,(anonymous_4)
FNDA:0,User
FNDA:0,testFunction
FNDA:0,findById
FNDA:0,(anonymous_8)
FNDA:0,renderUsers
FNDA:0,(anonymous_10)
FNDA:0,(anonymous_11)
FNDA:0,(anonymous_12)
FNDA:0,renderNewForm
FNDA:0,(anonymous_14)
FNDA:0,handleCreateForm
FNDA:0,fetchNewUser
FNDA:0,(anonymous_17)
FNDA:0,(anonymous_18)
FNDA:0,renderUser
FNDA:0,(anonymous_20)
FNDA:0,renderUpdateForm
FNDA:0,(anonymous_22)
FNDA:0,handleUpdateForm
FNDA:0,fetchUpdatedUser
FNDA:0,(anonymous_25)
FNDA:0,(anonymous_26)
FNDA:0,renderSigninForm
FNDA:0,(anonymous_28)
FNDA:0,handleSigninForm
DA:3,12
DA:5,0
DA:7,1
DA:9,0
DA:11,0
DA:12,0
DA:13,0
DA:14,0
DA:17,1
DA:20,0
DA:25,0
DA:26,0
DA:36,0
DA:37,0
DA:39,0
DA:40,0
DA:41,0
DA:51,0
DA:53,0
DA:55,0
DA:56,0
DA:57,0
DA:58,0
DA:59,0
DA:60,0
DA:61,0
DA:62,0
DA:71,0
DA:72,0
DA:73,0
DA:74,0
DA:75,0
DA:77,0
DA:78,0
DA:79,0
DA:82,0
DA:87,0
DA:89,0
DA:91,0
DA:96,0
DA:98,0
DA:99,0
DA:100,0
DA:109,0
DA:111,0
DA:113,0
DA:115,0
DA:116,0
DA:118,0
DA:119,0
DA:120,0
DA:122,0
DA:123,0
DA:124,0
DA:126,0
DA:128,0
DA:129,0
DA:130,0
DA:131,0
DA:132,0
DA:133,0
DA:134,0
DA:135,0
DA:138,0
DA:147,0
DA:149,0
DA:151,0
DA:152,0
DA:153,0
DA:154,0
DA:155,0
DA:156,0
DA:157,0
DA:158,0
DA:160,0
DA:161,0
DA:170,0
DA:171,0
DA:172,0
DA:173,0
DA:178,0
DA:180,0
DA:181,0
DA:182,0
DA:187,0
DA:189,0
DA:190,0
DA:191,0
DA:203,0
DA:205,0
DA:207,0
DA:208,0
DA:209,0
DA:210,0
DA:211,0
DA:212,0
DA:213,0
DA:214,0
DA:220,0
DA:221,0
DA:222,0
DA:224,0
DA:248,1
DA:252,1
DA:254,1
LF:105
LH:6
BRDA:3,0,0,12
BRDA:3,0,1,12
BRDA:3,1,0,12
BRDA:3,1,1,0
BRDA:3,2,0,0
BRDA:3,2,1,1
BRDA:3,3,0,1
BRDA:3,3,1,0
BRDA:5,4,0,0
BRDA:5,4,1,0
BRDA:77,5,0,0
BRDA:77,5,1,0
BRDA:128,6,0,0
BRDA:128,6,1,0
BRF:14
BRH:5
end_of_record
