{"/Users/RonSala/Dropbox/dev/trivia-trader-frontend/src/javascripts/user.js": {"path":"/Users/RonSala/Dropbox/dev/trivia-trader-frontend/src/javascripts/user.js","statementMap":{"0":{"start":{"line":4,"column":4},"end":{"line":4,"column":22}},"1":{"start":{"line":5,"column":4},"end":{"line":5,"column":44}},"2":{"start":{"line":6,"column":4},"end":{"line":6,"column":38}},"3":{"start":{"line":7,"column":4},"end":{"line":7,"column":24}},"4":{"start":{"line":11,"column":4},"end":{"line":11,"column":48}},"5":{"start":{"line":11,"column":33},"end":{"line":11,"column":46}},"6":{"start":{"line":16,"column":4},"end":{"line":23,"column":7}},"7":{"start":{"line":17,"column":22},"end":{"line":17,"column":37}},"8":{"start":{"line":19,"column":6},"end":{"line":22,"column":9}},"9":{"start":{"line":20,"column":22},"end":{"line":20,"column":53}},"10":{"start":{"line":21,"column":8},"end":{"line":21,"column":88}},"11":{"start":{"line":28,"column":16},"end":{"line":28,"column":48}},"12":{"start":{"line":30,"column":4},"end":{"line":30,"column":79}},"13":{"start":{"line":31,"column":4},"end":{"line":31,"column":60}},"14":{"start":{"line":32,"column":4},"end":{"line":32,"column":60}},"15":{"start":{"line":33,"column":15},"end":{"line":33,"column":44}},"16":{"start":{"line":34,"column":4},"end":{"line":46,"column":6}},"17":{"start":{"line":47,"column":4},"end":{"line":47,"column":28}},"18":{"start":{"line":48,"column":4},"end":{"line":48,"column":111}},"19":{"start":{"line":48,"column":82},"end":{"line":48,"column":107}},"20":{"start":{"line":53,"column":4},"end":{"line":53,"column":23}},"21":{"start":{"line":54,"column":26},"end":{"line":54,"column":73}},"22":{"start":{"line":55,"column":23},"end":{"line":55,"column":67}},"23":{"start":{"line":56,"column":26},"end":{"line":56,"column":73}},"24":{"start":{"line":57,"column":33},"end":{"line":57,"column":88}},"25":{"start":{"line":59,"column":4},"end":{"line":62,"column":5}},"26":{"start":{"line":60,"column":6},"end":{"line":60,"column":56}},"27":{"start":{"line":61,"column":6},"end":{"line":61,"column":19}},"28":{"start":{"line":64,"column":4},"end":{"line":64,"column":64}},"29":{"start":{"line":69,"column":21},"end":{"line":69,"column":48}},"30":{"start":{"line":71,"column":4},"end":{"line":82,"column":7}},"31":{"start":{"line":76,"column":22},"end":{"line":76,"column":37}},"32":{"start":{"line":78,"column":23},"end":{"line":78,"column":32}},"33":{"start":{"line":79,"column":20},"end":{"line":79,"column":59}},"34":{"start":{"line":81,"column":6},"end":{"line":81,"column":31}},"35":{"start":{"line":87,"column":4},"end":{"line":87,"column":71}},"36":{"start":{"line":89,"column":16},"end":{"line":89,"column":48}},"37":{"start":{"line":91,"column":12},"end":{"line":91,"column":48}},"38":{"start":{"line":92,"column":4},"end":{"line":92,"column":55}},"39":{"start":{"line":94,"column":15},"end":{"line":94,"column":47}},"40":{"start":{"line":95,"column":4},"end":{"line":95,"column":33}},"41":{"start":{"line":96,"column":4},"end":{"line":96,"column":57}},"42":{"start":{"line":98,"column":15},"end":{"line":98,"column":47}},"43":{"start":{"line":99,"column":4},"end":{"line":99,"column":33}},"44":{"start":{"line":100,"column":4},"end":{"line":100,"column":51}},"45":{"start":{"line":102,"column":21},"end":{"line":102,"column":50}},"46":{"start":{"line":103,"column":4},"end":{"line":103,"column":70}},"47":{"start":{"line":104,"column":4},"end":{"line":104,"column":34}},"48":{"start":{"line":109,"column":4},"end":{"line":123,"column":6}},"49":{"start":{"line":128,"column":4},"end":{"line":128,"column":23}},"50":{"start":{"line":129,"column":15},"end":{"line":129,"column":44}},"51":{"start":{"line":130,"column":17},"end":{"line":130,"column":34}},"52":{"start":{"line":131,"column":21},"end":{"line":131,"column":68}},"53":{"start":{"line":132,"column":18},"end":{"line":132,"column":62}},"54":{"start":{"line":133,"column":4},"end":{"line":133,"column":44}},"55":{"start":{"line":137,"column":21},"end":{"line":137,"column":40}},"56":{"start":{"line":138,"column":4},"end":{"line":144,"column":53}},"57":{"start":{"line":143,"column":19},"end":{"line":143,"column":29}},"58":{"start":{"line":144,"column":27},"end":{"line":144,"column":51}},"59":{"start":{"line":151,"column":0},"end":{"line":151,"column":14}},"60":{"start":{"line":153,"column":0},"end":{"line":153,"column":22}}},"fnMap":{"0":{"name":"(anonymous_0)","decl":{"start":{"line":3,"column":2},"end":{"line":3,"column":3}},"loc":{"start":{"line":3,"column":36},"end":{"line":8,"column":3}},"line":3},"1":{"name":"(anonymous_1)","decl":{"start":{"line":10,"column":2},"end":{"line":10,"column":3}},"loc":{"start":{"line":10,"column":22},"end":{"line":12,"column":3}},"line":10},"2":{"name":"(anonymous_2)","decl":{"start":{"line":11,"column":25},"end":{"line":11,"column":26}},"loc":{"start":{"line":11,"column":33},"end":{"line":11,"column":46}},"line":11},"3":{"name":"(anonymous_3)","decl":{"start":{"line":15,"column":2},"end":{"line":15,"column":3}},"loc":{"start":{"line":15,"column":23},"end":{"line":24,"column":3}},"line":15},"4":{"name":"(anonymous_4)","decl":{"start":{"line":17,"column":10},"end":{"line":17,"column":11}},"loc":{"start":{"line":17,"column":22},"end":{"line":17,"column":37}},"line":17},"5":{"name":"(anonymous_5)","decl":{"start":{"line":18,"column":10},"end":{"line":18,"column":11}},"loc":{"start":{"line":18,"column":19},"end":{"line":23,"column":5}},"line":18},"6":{"name":"(anonymous_6)","decl":{"start":{"line":19,"column":25},"end":{"line":19,"column":26}},"loc":{"start":{"line":19,"column":33},"end":{"line":22,"column":7}},"line":19},"7":{"name":"(anonymous_7)","decl":{"start":{"line":27,"column":2},"end":{"line":27,"column":3}},"loc":{"start":{"line":27,"column":25},"end":{"line":49,"column":3}},"line":27},"8":{"name":"(anonymous_8)","decl":{"start":{"line":48,"column":75},"end":{"line":48,"column":76}},"loc":{"start":{"line":48,"column":80},"end":{"line":48,"column":108}},"line":48},"9":{"name":"(anonymous_9)","decl":{"start":{"line":52,"column":2},"end":{"line":52,"column":3}},"loc":{"start":{"line":52,"column":29},"end":{"line":65,"column":3}},"line":52},"10":{"name":"(anonymous_10)","decl":{"start":{"line":67,"column":2},"end":{"line":67,"column":3}},"loc":{"start":{"line":67,"column":49},"end":{"line":83,"column":3}},"line":67},"11":{"name":"(anonymous_11)","decl":{"start":{"line":76,"column":10},"end":{"line":76,"column":11}},"loc":{"start":{"line":76,"column":22},"end":{"line":76,"column":37}},"line":76},"12":{"name":"(anonymous_12)","decl":{"start":{"line":77,"column":10},"end":{"line":77,"column":11}},"loc":{"start":{"line":77,"column":18},"end":{"line":82,"column":5}},"line":77},"13":{"name":"(anonymous_13)","decl":{"start":{"line":86,"column":2},"end":{"line":86,"column":3}},"loc":{"start":{"line":86,"column":26},"end":{"line":105,"column":3}},"line":86},"14":{"name":"(anonymous_14)","decl":{"start":{"line":108,"column":2},"end":{"line":108,"column":3}},"loc":{"start":{"line":108,"column":21},"end":{"line":124,"column":3}},"line":108},"15":{"name":"(anonymous_15)","decl":{"start":{"line":127,"column":2},"end":{"line":127,"column":3}},"loc":{"start":{"line":127,"column":29},"end":{"line":134,"column":3}},"line":127},"16":{"name":"(anonymous_16)","decl":{"start":{"line":136,"column":2},"end":{"line":136,"column":3}},"loc":{"start":{"line":136,"column":42},"end":{"line":145,"column":3}},"line":136},"17":{"name":"(anonymous_17)","decl":{"start":{"line":143,"column":12},"end":{"line":143,"column":13}},"loc":{"start":{"line":143,"column":19},"end":{"line":143,"column":29}},"line":143},"18":{"name":"(anonymous_18)","decl":{"start":{"line":144,"column":12},"end":{"line":144,"column":13}},"loc":{"start":{"line":144,"column":27},"end":{"line":144,"column":51}},"line":144}},"branchMap":{"0":{"loc":{"start":{"line":59,"column":4},"end":{"line":62,"column":5}},"type":"if","locations":[{"start":{"line":59,"column":4},"end":{"line":62,"column":5}},{"start":{"line":59,"column":4},"end":{"line":62,"column":5}}],"line":59}},"s":{"0":1,"1":1,"2":1,"3":1,"4":1,"5":2,"6":0,"7":0,"8":0,"9":0,"10":0,"11":0,"12":0,"13":0,"14":0,"15":0,"16":0,"17":0,"18":0,"19":0,"20":0,"21":0,"22":0,"23":0,"24":0,"25":0,"26":0,"27":0,"28":0,"29":0,"30":0,"31":0,"32":0,"33":0,"34":0,"35":0,"36":0,"37":0,"38":0,"39":0,"40":0,"41":0,"42":0,"43":0,"44":0,"45":0,"46":0,"47":0,"48":0,"49":0,"50":0,"51":0,"52":0,"53":0,"54":0,"55":0,"56":0,"57":0,"58":0,"59":1,"60":1},"f":{"0":1,"1":1,"2":2,"3":0,"4":0,"5":0,"6":0,"7":0,"8":0,"9":0,"10":0,"11":0,"12":0,"13":0,"14":0,"15":0,"16":0,"17":0,"18":0},"b":{"0":[0,0]},"_coverageSchema":"1a1c01bbd47fc00a2c39e90264f33305004495a9","hash":"96d686a0dbb7b6a5c65c9ae8e7f28893a8492902"}
}
