{"/Users/RonSala/Dropbox/dev/trivia-trader-frontend/src/javascripts/sum.js": {"path":"/Users/RonSala/Dropbox/dev/trivia-trader-frontend/src/javascripts/sum.js","statementMap":{"0":{"start":{"line":4,"column":2},"end":{"line":4,"column":15}},"1":{"start":{"line":6,"column":0},"end":{"line":6,"column":21}}},"fnMap":{"0":{"name":"sum","decl":{"start":{"line":3,"column":9},"end":{"line":3,"column":12}},"loc":{"start":{"line":3,"column":19},"end":{"line":5,"column":1}},"line":3}},"branchMap":{},"s":{"0":1,"1":1},"f":{"0":1},"b":{},"_coverageSchema":"1a1c01bbd47fc00a2c39e90264f33305004495a9","hash":"5d79b2be5658aa8aafd205d3ff114b8b90cdcb19"}
,"/Users/RonSala/Dropbox/dev/trivia-trader-frontend/src/javascripts/user.js": {"path":"/Users/RonSala/Dropbox/dev/trivia-trader-frontend/src/javascripts/user.js","statementMap":{"0":{"start":{"line":4,"column":4},"end":{"line":4,"column":12}},"1":{"start":{"line":5,"column":4},"end":{"line":5,"column":22}},"2":{"start":{"line":6,"column":4},"end":{"line":6,"column":44}},"3":{"start":{"line":7,"column":4},"end":{"line":7,"column":38}},"4":{"start":{"line":8,"column":4},"end":{"line":8,"column":24}},"5":{"start":{"line":12,"column":4},"end":{"line":12,"column":48}},"6":{"start":{"line":12,"column":33},"end":{"line":12,"column":46}},"7":{"start":{"line":17,"column":4},"end":{"line":24,"column":7}},"8":{"start":{"line":18,"column":22},"end":{"line":18,"column":37}},"9":{"start":{"line":20,"column":6},"end":{"line":23,"column":9}},"10":{"start":{"line":21,"column":22},"end":{"line":21,"column":53}},"11":{"start":{"line":22,"column":8},"end":{"line":22,"column":88}},"12":{"start":{"line":29,"column":16},"end":{"line":29,"column":48}},"13":{"start":{"line":31,"column":4},"end":{"line":31,"column":79}},"14":{"start":{"line":32,"column":4},"end":{"line":32,"column":60}},"15":{"start":{"line":33,"column":4},"end":{"line":33,"column":60}},"16":{"start":{"line":34,"column":15},"end":{"line":34,"column":44}},"17":{"start":{"line":35,"column":4},"end":{"line":47,"column":6}},"18":{"start":{"line":48,"column":4},"end":{"line":48,"column":28}},"19":{"start":{"line":49,"column":4},"end":{"line":49,"column":111}},"20":{"start":{"line":49,"column":82},"end":{"line":49,"column":107}},"21":{"start":{"line":54,"column":4},"end":{"line":54,"column":23}},"22":{"start":{"line":55,"column":26},"end":{"line":55,"column":73}},"23":{"start":{"line":56,"column":23},"end":{"line":56,"column":67}},"24":{"start":{"line":57,"column":26},"end":{"line":57,"column":73}},"25":{"start":{"line":58,"column":33},"end":{"line":58,"column":88}},"26":{"start":{"line":60,"column":4},"end":{"line":63,"column":5}},"27":{"start":{"line":61,"column":6},"end":{"line":61,"column":56}},"28":{"start":{"line":62,"column":6},"end":{"line":62,"column":19}},"29":{"start":{"line":65,"column":4},"end":{"line":65,"column":64}},"30":{"start":{"line":70,"column":21},"end":{"line":70,"column":48}},"31":{"start":{"line":72,"column":4},"end":{"line":83,"column":7}},"32":{"start":{"line":77,"column":22},"end":{"line":77,"column":37}},"33":{"start":{"line":79,"column":23},"end":{"line":79,"column":32}},"34":{"start":{"line":80,"column":20},"end":{"line":80,"column":59}},"35":{"start":{"line":82,"column":6},"end":{"line":82,"column":31}},"36":{"start":{"line":88,"column":4},"end":{"line":88,"column":71}},"37":{"start":{"line":90,"column":16},"end":{"line":90,"column":48}},"38":{"start":{"line":92,"column":12},"end":{"line":92,"column":48}},"39":{"start":{"line":93,"column":4},"end":{"line":93,"column":55}},"40":{"start":{"line":95,"column":15},"end":{"line":95,"column":47}},"41":{"start":{"line":96,"column":4},"end":{"line":96,"column":33}},"42":{"start":{"line":97,"column":4},"end":{"line":97,"column":57}},"43":{"start":{"line":99,"column":15},"end":{"line":99,"column":47}},"44":{"start":{"line":100,"column":4},"end":{"line":100,"column":33}},"45":{"start":{"line":101,"column":4},"end":{"line":101,"column":51}},"46":{"start":{"line":103,"column":21},"end":{"line":103,"column":50}},"47":{"start":{"line":104,"column":4},"end":{"line":104,"column":70}},"48":{"start":{"line":105,"column":4},"end":{"line":105,"column":34}},"49":{"start":{"line":110,"column":4},"end":{"line":124,"column":6}},"50":{"start":{"line":129,"column":4},"end":{"line":129,"column":23}},"51":{"start":{"line":130,"column":15},"end":{"line":130,"column":44}},"52":{"start":{"line":131,"column":17},"end":{"line":131,"column":34}},"53":{"start":{"line":132,"column":21},"end":{"line":132,"column":68}},"54":{"start":{"line":133,"column":18},"end":{"line":133,"column":62}},"55":{"start":{"line":134,"column":4},"end":{"line":134,"column":44}},"56":{"start":{"line":138,"column":21},"end":{"line":138,"column":40}},"57":{"start":{"line":139,"column":4},"end":{"line":145,"column":53}},"58":{"start":{"line":144,"column":19},"end":{"line":144,"column":29}},"59":{"start":{"line":145,"column":27},"end":{"line":145,"column":51}},"60":{"start":{"line":152,"column":0},"end":{"line":152,"column":14}}},"fnMap":{"0":{"name":"(anonymous_0)","decl":{"start":{"line":3,"column":2},"end":{"line":3,"column":3}},"loc":{"start":{"line":3,"column":36},"end":{"line":9,"column":3}},"line":3},"1":{"name":"(anonymous_1)","decl":{"start":{"line":11,"column":2},"end":{"line":11,"column":3}},"loc":{"start":{"line":11,"column":22},"end":{"line":13,"column":3}},"line":11},"2":{"name":"(anonymous_2)","decl":{"start":{"line":12,"column":25},"end":{"line":12,"column":26}},"loc":{"start":{"line":12,"column":33},"end":{"line":12,"column":46}},"line":12},"3":{"name":"(anonymous_3)","decl":{"start":{"line":16,"column":2},"end":{"line":16,"column":3}},"loc":{"start":{"line":16,"column":23},"end":{"line":25,"column":3}},"line":16},"4":{"name":"(anonymous_4)","decl":{"start":{"line":18,"column":10},"end":{"line":18,"column":11}},"loc":{"start":{"line":18,"column":22},"end":{"line":18,"column":37}},"line":18},"5":{"name":"(anonymous_5)","decl":{"start":{"line":19,"column":10},"end":{"line":19,"column":11}},"loc":{"start":{"line":19,"column":19},"end":{"line":24,"column":5}},"line":19},"6":{"name":"(anonymous_6)","decl":{"start":{"line":20,"column":25},"end":{"line":20,"column":26}},"loc":{"start":{"line":20,"column":33},"end":{"line":23,"column":7}},"line":20},"7":{"name":"(anonymous_7)","decl":{"start":{"line":28,"column":2},"end":{"line":28,"column":3}},"loc":{"start":{"line":28,"column":25},"end":{"line":50,"column":3}},"line":28},"8":{"name":"(anonymous_8)","decl":{"start":{"line":49,"column":75},"end":{"line":49,"column":76}},"loc":{"start":{"line":49,"column":80},"end":{"line":49,"column":108}},"line":49},"9":{"name":"(anonymous_9)","decl":{"start":{"line":53,"column":2},"end":{"line":53,"column":3}},"loc":{"start":{"line":53,"column":29},"end":{"line":66,"column":3}},"line":53},"10":{"name":"(anonymous_10)","decl":{"start":{"line":68,"column":2},"end":{"line":68,"column":3}},"loc":{"start":{"line":68,"column":49},"end":{"line":84,"column":3}},"line":68},"11":{"name":"(anonymous_11)","decl":{"start":{"line":77,"column":10},"end":{"line":77,"column":11}},"loc":{"start":{"line":77,"column":22},"end":{"line":77,"column":37}},"line":77},"12":{"name":"(anonymous_12)","decl":{"start":{"line":78,"column":10},"end":{"line":78,"column":11}},"loc":{"start":{"line":78,"column":18},"end":{"line":83,"column":5}},"line":78},"13":{"name":"(anonymous_13)","decl":{"start":{"line":87,"column":2},"end":{"line":87,"column":3}},"loc":{"start":{"line":87,"column":26},"end":{"line":106,"column":3}},"line":87},"14":{"name":"(anonymous_14)","decl":{"start":{"line":109,"column":2},"end":{"line":109,"column":3}},"loc":{"start":{"line":109,"column":21},"end":{"line":125,"column":3}},"line":109},"15":{"name":"(anonymous_15)","decl":{"start":{"line":128,"column":2},"end":{"line":128,"column":3}},"loc":{"start":{"line":128,"column":29},"end":{"line":135,"column":3}},"line":128},"16":{"name":"(anonymous_16)","decl":{"start":{"line":137,"column":2},"end":{"line":137,"column":3}},"loc":{"start":{"line":137,"column":42},"end":{"line":146,"column":3}},"line":137},"17":{"name":"(anonymous_17)","decl":{"start":{"line":144,"column":12},"end":{"line":144,"column":13}},"loc":{"start":{"line":144,"column":19},"end":{"line":144,"column":29}},"line":144},"18":{"name":"(anonymous_18)","decl":{"start":{"line":145,"column":12},"end":{"line":145,"column":13}},"loc":{"start":{"line":145,"column":27},"end":{"line":145,"column":51}},"line":145}},"branchMap":{"0":{"loc":{"start":{"line":60,"column":4},"end":{"line":63,"column":5}},"type":"if","locations":[{"start":{"line":60,"column":4},"end":{"line":63,"column":5}},{"start":{"line":60,"column":4},"end":{"line":63,"column":5}}],"line":60}},"s":{"0":0,"1":0,"2":0,"3":0,"4":0,"5":0,"6":0,"7":0,"8":0,"9":0,"10":0,"11":0,"12":0,"13":0,"14":0,"15":0,"16":0,"17":0,"18":0,"19":0,"20":0,"21":0,"22":0,"23":0,"24":0,"25":0,"26":0,"27":0,"28":0,"29":0,"30":0,"31":0,"32":0,"33":0,"34":0,"35":0,"36":0,"37":0,"38":0,"39":0,"40":0,"41":0,"42":0,"43":0,"44":0,"45":0,"46":0,"47":0,"48":0,"49":0,"50":0,"51":0,"52":0,"53":0,"54":0,"55":0,"56":0,"57":0,"58":0,"59":0,"60":1},"f":{"0":0,"1":0,"2":0,"3":0,"4":0,"5":0,"6":0,"7":0,"8":0,"9":0,"10":0,"11":0,"12":0,"13":0,"14":0,"15":0,"16":0,"17":0,"18":0},"b":{"0":[0,0]},"_coverageSchema":"1a1c01bbd47fc00a2c39e90264f33305004495a9","hash":"5ff3082789bd6e3f376a36d2abfd7d7f5765db68"}
}
