{"/Users/RonSala/Dropbox/dev/trivia-trader-frontend/src/javascripts/user.js":{"path":"/Users/RonSala/Dropbox/dev/trivia-trader-frontend/src/javascripts/user.js","s":{"1":2,"2":2,"3":2,"4":2,"5":0,"6":4,"7":6,"8":0,"9":0,"10":0,"11":0,"12":0,"13":0,"14":0,"15":0,"16":0,"17":0,"18":0,"19":0,"20":0,"21":0,"22":0,"23":0,"24":0,"25":0,"26":0,"27":0,"28":0,"29":0,"30":0,"31":0,"32":0,"33":0,"34":0,"35":0,"36":0,"37":0,"38":0,"39":0,"40":0,"41":0,"42":0,"43":0,"44":0,"45":0,"46":0,"47":0,"48":0,"49":0,"50":0,"51":0,"52":0,"53":0,"54":0,"55":0,"56":0,"57":0,"58":0,"59":0,"60":0,"61":0,"62":0,"63":0,"64":0,"65":0,"66":0,"67":0,"68":0,"69":0,"70":0,"71":0,"72":0,"73":0,"74":0,"75":0,"76":0,"77":0,"78":0,"79":0,"80":0,"81":0,"82":0,"83":0,"84":0,"85":0,"86":0,"87":0,"88":0,"89":0,"90":0,"91":0,"92":1,"93":1},"b":{"1":[0,0],"2":[0,0]},"f":{"1":2,"2":0,"3":4,"4":0,"5":0,"6":0,"7":0,"8":0,"9":0,"10":0,"11":0,"12":0,"13":0},"fnMap":{"1":{"name":"(anonymous_1)","line":3,"loc":{"start":{"line":3,"column":13},"end":{"line":3,"column":36}}},"2":{"name":"(anonymous_2)","line":10,"loc":{"start":{"line":10,"column":21},"end":{"line":10,"column":24}}},"3":{"name":"(anonymous_3)","line":14,"loc":{"start":{"line":14,"column":17},"end":{"line":14,"column":22}}},"4":{"name":"(anonymous_4)","line":20,"loc":{"start":{"line":20,"column":20},"end":{"line":20,"column":23}}},"5":{"name":"(anonymous_5)","line":32,"loc":{"start":{"line":32,"column":22},"end":{"line":32,"column":25}}},"6":{"name":"(anonymous_6)","line":57,"loc":{"start":{"line":57,"column":25},"end":{"line":57,"column":29}}},"7":{"name":"(anonymous_7)","line":72,"loc":{"start":{"line":72,"column":21},"end":{"line":72,"column":49}}},"8":{"name":"(anonymous_8)","line":90,"loc":{"start":{"line":90,"column":19},"end":{"line":90,"column":26}}},"9":{"name":"(anonymous_9)","line":121,"loc":{"start":{"line":121,"column":25},"end":{"line":121,"column":32}}},"10":{"name":"(anonymous_10)","line":148,"loc":{"start":{"line":148,"column":25},"end":{"line":148,"column":35}}},"11":{"name":"(anonymous_11)","line":155,"loc":{"start":{"line":155,"column":25},"end":{"line":155,"column":49}}},"12":{"name":"(anonymous_12)","line":175,"loc":{"start":{"line":175,"column":25},"end":{"line":175,"column":28}}},"13":{"name":"(anonymous_13)","line":196,"loc":{"start":{"line":196,"column":25},"end":{"line":196,"column":29}}}},"statementMap":{"1":{"start":{"line":4,"column":4},"end":{"line":4,"column":22}},"2":{"start":{"line":5,"column":4},"end":{"line":5,"column":44}},"3":{"start":{"line":6,"column":4},"end":{"line":6,"column":38}},"4":{"start":{"line":7,"column":4},"end":{"line":7,"column":24}},"5":{"start":{"line":11,"column":4},"end":{"line":11,"column":28}},"6":{"start":{"line":15,"column":4},"end":{"line":15,"column":48}},"7":{"start":{"line":15,"column":33},"end":{"line":15,"column":46}},"8":{"start":{"line":21,"column":4},"end":{"line":28,"column":7}},"9":{"start":{"line":22,"column":22},"end":{"line":22,"column":37}},"10":{"start":{"line":24,"column":6},"end":{"line":27,"column":9}},"11":{"start":{"line":25,"column":8},"end":{"line":25,"column":54}},"12":{"start":{"line":26,"column":8},"end":{"line":26,"column":88}},"13":{"start":{"line":33,"column":4},"end":{"line":33,"column":49}},"14":{"start":{"line":35,"column":4},"end":{"line":35,"column":79}},"15":{"start":{"line":36,"column":4},"end":{"line":36,"column":60}},"16":{"start":{"line":37,"column":4},"end":{"line":37,"column":60}},"17":{"start":{"line":38,"column":4},"end":{"line":38,"column":45}},"18":{"start":{"line":39,"column":4},"end":{"line":51,"column":6}},"19":{"start":{"line":52,"column":4},"end":{"line":52,"column":28}},"20":{"start":{"line":53,"column":4},"end":{"line":53,"column":110}},"21":{"start":{"line":53,"column":82},"end":{"line":53,"column":107}},"22":{"start":{"line":58,"column":4},"end":{"line":58,"column":23}},"23":{"start":{"line":59,"column":4},"end":{"line":59,"column":74}},"24":{"start":{"line":60,"column":4},"end":{"line":60,"column":68}},"25":{"start":{"line":61,"column":4},"end":{"line":61,"column":74}},"26":{"start":{"line":62,"column":4},"end":{"line":62,"column":89}},"27":{"start":{"line":64,"column":4},"end":{"line":67,"column":5}},"28":{"start":{"line":65,"column":6},"end":{"line":65,"column":56}},"29":{"start":{"line":66,"column":6},"end":{"line":66,"column":19}},"30":{"start":{"line":69,"column":4},"end":{"line":69,"column":64}},"31":{"start":{"line":74,"column":4},"end":{"line":74,"column":49}},"32":{"start":{"line":76,"column":4},"end":{"line":86,"column":7}},"33":{"start":{"line":81,"column":22},"end":{"line":81,"column":37}},"34":{"start":{"line":83,"column":6},"end":{"line":83,"column":33}},"35":{"start":{"line":84,"column":6},"end":{"line":84,"column":60}},"36":{"start":{"line":85,"column":6},"end":{"line":85,"column":31}},"37":{"start":{"line":91,"column":4},"end":{"line":91,"column":71}},"38":{"start":{"line":93,"column":4},"end":{"line":93,"column":49}},"39":{"start":{"line":95,"column":4},"end":{"line":95,"column":49}},"40":{"start":{"line":96,"column":4},"end":{"line":96,"column":55}},"41":{"start":{"line":98,"column":4},"end":{"line":98,"column":48}},"42":{"start":{"line":99,"column":4},"end":{"line":99,"column":33}},"43":{"start":{"line":100,"column":4},"end":{"line":100,"column":57}},"44":{"start":{"line":102,"column":4},"end":{"line":102,"column":48}},"45":{"start":{"line":103,"column":4},"end":{"line":103,"column":33}},"46":{"start":{"line":104,"column":4},"end":{"line":104,"column":51}},"47":{"start":{"line":106,"column":4},"end":{"line":106,"column":67}},"48":{"start":{"line":108,"column":4},"end":{"line":117,"column":5}},"49":{"start":{"line":109,"column":6},"end":{"line":109,"column":56}},"50":{"start":{"line":110,"column":6},"end":{"line":110,"column":43}},"51":{"start":{"line":111,"column":6},"end":{"line":111,"column":92}},"52":{"start":{"line":112,"column":6},"end":{"line":112,"column":39}},"53":{"start":{"line":113,"column":6},"end":{"line":113,"column":62}},"54":{"start":{"line":114,"column":6},"end":{"line":114,"column":81}},"55":{"start":{"line":114,"column":50},"end":{"line":114,"column":78}},"56":{"start":{"line":116,"column":6},"end":{"line":116,"column":44}},"57":{"start":{"line":122,"column":4},"end":{"line":122,"column":49}},"58":{"start":{"line":124,"column":4},"end":{"line":124,"column":82}},"59":{"start":{"line":125,"column":4},"end":{"line":125,"column":60}},"60":{"start":{"line":126,"column":4},"end":{"line":126,"column":60}},"61":{"start":{"line":127,"column":4},"end":{"line":127,"column":70}},"62":{"start":{"line":128,"column":4},"end":{"line":128,"column":45}},"63":{"start":{"line":129,"column":4},"end":{"line":140,"column":6}},"64":{"start":{"line":141,"column":4},"end":{"line":141,"column":33}},"65":{"start":{"line":142,"column":4},"end":{"line":142,"column":28}},"66":{"start":{"line":144,"column":4},"end":{"line":144,"column":77}},"67":{"start":{"line":144,"column":43},"end":{"line":144,"column":74}},"68":{"start":{"line":149,"column":4},"end":{"line":149,"column":23}},"69":{"start":{"line":150,"column":4},"end":{"line":150,"column":69}},"70":{"start":{"line":151,"column":4},"end":{"line":151,"column":63}},"71":{"start":{"line":152,"column":4},"end":{"line":152,"column":49}},"72":{"start":{"line":156,"column":4},"end":{"line":156,"column":69}},"73":{"start":{"line":157,"column":4},"end":{"line":157,"column":41}},"74":{"start":{"line":158,"column":4},"end":{"line":168,"column":9}},"75":{"start":{"line":163,"column":19},"end":{"line":163,"column":29}},"76":{"start":{"line":165,"column":8},"end":{"line":165,"column":35}},"77":{"start":{"line":166,"column":8},"end":{"line":166,"column":62}},"78":{"start":{"line":167,"column":8},"end":{"line":167,"column":33}},"79":{"start":{"line":176,"column":4},"end":{"line":176,"column":49}},"80":{"start":{"line":178,"column":4},"end":{"line":178,"column":79}},"81":{"start":{"line":179,"column":4},"end":{"line":179,"column":60}},"82":{"start":{"line":180,"column":4},"end":{"line":180,"column":60}},"83":{"start":{"line":181,"column":4},"end":{"line":181,"column":45}},"84":{"start":{"line":182,"column":4},"end":{"line":191,"column":6}},"85":{"start":{"line":192,"column":4},"end":{"line":192,"column":28}},"86":{"start":{"line":193,"column":4},"end":{"line":193,"column":111}},"87":{"start":{"line":193,"column":82},"end":{"line":193,"column":107}},"88":{"start":{"line":197,"column":4},"end":{"line":197,"column":23}},"89":{"start":{"line":198,"column":4},"end":{"line":198,"column":68}},"90":{"start":{"line":199,"column":4},"end":{"line":199,"column":74}},"91":{"start":{"line":201,"column":4},"end":{"line":201,"column":50}},"92":{"start":{"line":225,"column":0},"end":{"line":225,"column":14}},"93":{"start":{"line":227,"column":0},"end":{"line":227,"column":22}}},"branchMap":{"1":{"line":64,"type":"if","locations":[{"start":{"line":64,"column":4},"end":{"line":64,"column":4}},{"start":{"line":64,"column":4},"end":{"line":64,"column":4}}]},"2":{"line":108,"type":"if","locations":[{"start":{"line":108,"column":4},"end":{"line":108,"column":4}},{"start":{"line":108,"column":4},"end":{"line":108,"column":4}}]}}}}